<?xml version="1.0" encoding="UTF-8"?>
<!-- Generated by org.testng.reporters.JUnitReportReporter -->
<testsuite hostname="vikash-PC" name="scripts.TestInvalidLogin" tests="1" failures="0" timestamp="9 Sep 2019 16:02:18 GMT" time="16.259" errors="0">
  <testcase name="testInvalidLogin" time="16.259" classname="scripts.TestInvalidLogin"/>
</testsuite> <!-- scripts.TestInvalidLogin -->
